[debug] [2022-07-17T14:52:53.048Z] ----------------------------------------------------------------------
[debug] [2022-07-17T14:52:53.049Z] Command:       /usr/local/bin/node /usr/local/bin/firebase init
[debug] [2022-07-17T14:52:53.049Z] CLI Version:   11.2.2
[debug] [2022-07-17T14:52:53.049Z] Platform:      darwin
[debug] [2022-07-17T14:52:53.049Z] Node Version:  v16.15.0
[debug] [2022-07-17T14:52:53.050Z] Time:          Sun Jul 17 2022 17:52:53 GMT+0300 (Eastern European Summer Time)
[debug] [2022-07-17T14:52:53.050Z] ----------------------------------------------------------------------
[debug] 
[debug] [2022-07-17T14:52:53.053Z] > command requires scopes: ["email","openid","https://www.googleapis.com/auth/cloudplatformprojects.readonly","https://www.googleapis.com/auth/firebase","https://www.googleapis.com/auth/cloud-platform"]
[debug] [2022-07-17T14:52:53.053Z] > authorizing via signed-in user (daniela.st.draganova@gmail.com)
[info] 
     ######## #### ########  ######## ########     ###     ######  ########
     ##        ##  ##     ## ##       ##     ##  ##   ##  ##       ##
     ######    ##  ########  ######   ########  #########  ######  ######
     ##        ##  ##    ##  ##       ##     ## ##     ##       ## ##
     ##       #### ##     ## ######## ########  ##     ##  ######  ########

You're about to initialize a Firebase project in this directory:

  /Users/danieladraganova/Desktop/beauty-salon-app/client

[info] 
=== Project Setup
[info] 
[info] First, let's associate this project directory with a Firebase project.
[info] You can create multiple project aliases by running firebase use --add, 
[info] but for now we'll just set up a default project.
[info] 
[debug] [2022-07-17T14:53:04.019Z] >>> [apiv2][query] GET https://firebase.googleapis.com/v1beta1/projects pageSize=100
[debug] [2022-07-17T14:53:04.656Z] <<< [apiv2][status] GET https://firebase.googleapis.com/v1beta1/projects 200
[debug] [2022-07-17T14:53:04.657Z] <<< [apiv2][body] GET https://firebase.googleapis.com/v1beta1/projects [omitted]
[info] i  Using project beautysalonapp-31438 (BeautySalonApp) 
[info] 
=== Database Setup
[info] i  database: ensuring required API firebasedatabase.googleapis.com is enabled... 
[debug] [2022-07-17T14:53:06.050Z] >>> [apiv2][query] GET https://serviceusage.googleapis.com/v1/projects/beautysalonapp-31438/services/firebasedatabase.googleapis.com [none]
[debug] [2022-07-17T14:53:07.094Z] <<< [apiv2][status] GET https://serviceusage.googleapis.com/v1/projects/beautysalonapp-31438/services/firebasedatabase.googleapis.com 200
[debug] [2022-07-17T14:53:07.094Z] <<< [apiv2][body] GET https://serviceusage.googleapis.com/v1/projects/beautysalonapp-31438/services/firebasedatabase.googleapis.com [omitted]
[info] ✔  database: required API firebasedatabase.googleapis.com is enabled 
[info] 
[debug] [2022-07-17T14:53:07.096Z] >>> [apiv2][query] GET https://firebasedatabase.googleapis.com/v1beta/projects/beautysalonapp-31438/locations/-/instances/beautysalonapp-31438-default-rtdb [none]
[debug] [2022-07-17T14:53:07.396Z] <<< [apiv2][status] GET https://firebasedatabase.googleapis.com/v1beta/projects/beautysalonapp-31438/locations/-/instances/beautysalonapp-31438-default-rtdb 200
[debug] [2022-07-17T14:53:07.396Z] <<< [apiv2][body] GET https://firebasedatabase.googleapis.com/v1beta/projects/beautysalonapp-31438/locations/-/instances/beautysalonapp-31438-default-rtdb {"name":"projects/1014802981494/locations/europe-west1/instances/beautysalonapp-31438-default-rtdb","project":"projects/1014802981494","databaseUrl":"https://beautysalonapp-31438-default-rtdb.europe-west1.firebasedatabase.app","type":"DEFAULT_DATABASE","state":"ACTIVE"}
[info] 
[info] Firebase Realtime Database Security Rules allow you to define how your data should be
[info] structured and when your data can be read from and written to.
[info] 
[debug] [2022-07-17T14:53:17.314Z] >>> [apiv2][query] GET https://beautysalonapp-31438-default-rtdb.europe-west1.firebasedatabase.app/.settings/rules.json [none]
[debug] [2022-07-17T14:53:17.439Z] <<< [apiv2][status] GET https://beautysalonapp-31438-default-rtdb.europe-west1.firebasedatabase.app/.settings/rules.json 200
[debug] [2022-07-17T14:53:17.440Z] <<< [apiv2][body] GET https://beautysalonapp-31438-default-rtdb.europe-west1.firebasedatabase.app/.settings/rules.json [stream]
[info] ✔  Database Rules for beautysalonapp-31438-default-rtdb have been written to database.rules.json. 
[info] Future modifications to database.rules.json will update Realtime Database Security Rules when you run
[info] firebase deploy.
[info] 
=== Firestore Setup
[debug] [2022-07-17T14:53:17.444Z] >>> [apiv2][query] GET https://serviceusage.googleapis.com/v1/projects/beautysalonapp-31438/services/firestore.googleapis.com [none]
[debug] [2022-07-17T14:53:18.457Z] <<< [apiv2][status] GET https://serviceusage.googleapis.com/v1/projects/beautysalonapp-31438/services/firestore.googleapis.com 200
[debug] [2022-07-17T14:53:18.457Z] <<< [apiv2][body] GET https://serviceusage.googleapis.com/v1/projects/beautysalonapp-31438/services/firestore.googleapis.com [omitted]
[debug] [2022-07-17T14:53:18.457Z] >>> [apiv2][query] GET https://appengine.googleapis.com/v1/apps/beautysalonapp-31438 [none]
[debug] [2022-07-17T14:53:19.174Z] <<< [apiv2][status] GET https://appengine.googleapis.com/v1/apps/beautysalonapp-31438 200
[debug] [2022-07-17T14:53:19.175Z] <<< [apiv2][body] GET https://appengine.googleapis.com/v1/apps/beautysalonapp-31438 {"name":"apps/beautysalonapp-31438","id":"beautysalonapp-31438","authDomain":"gmail.com","locationId":"europe-west","codeBucket":"staging.beautysalonapp-31438.appspot.com","servingStatus":"SERVING","defaultHostname":"beautysalonapp-31438.ew.r.appspot.com","defaultBucket":"beautysalonapp-31438.appspot.com","serviceAccount":"beautysalonapp-31438@appspot.gserviceaccount.com","gcrDomain":"eu.gcr.io","databaseType":"CLOUD_FIRESTORE","featureSettings":{"splitHealthChecks":true,"useContainerOptimizedOs":true}}
[debug] [2022-07-17T14:53:19.175Z] database_type: CLOUD_FIRESTORE
[debug] [2022-07-17T14:53:19.176Z] > command requires scopes: ["email","openid","https://www.googleapis.com/auth/cloudplatformprojects.readonly","https://www.googleapis.com/auth/firebase","https://www.googleapis.com/auth/cloud-platform"]
[debug] [2022-07-17T14:53:19.176Z] > authorizing via signed-in user (daniela.st.draganova@gmail.com)
[debug] [2022-07-17T14:53:19.176Z] [iam] checking project beautysalonapp-31438 for permissions ["firebase.projects.get"]
[debug] [2022-07-17T14:53:19.177Z] >>> [apiv2][query] POST https://cloudresourcemanager.googleapis.com/v1/projects/beautysalonapp-31438:testIamPermissions [none]
[debug] [2022-07-17T14:53:19.177Z] >>> [apiv2][body] POST https://cloudresourcemanager.googleapis.com/v1/projects/beautysalonapp-31438:testIamPermissions {"permissions":["firebase.projects.get"]}
[debug] [2022-07-17T14:53:20.094Z] <<< [apiv2][status] POST https://cloudresourcemanager.googleapis.com/v1/projects/beautysalonapp-31438:testIamPermissions 200
[debug] [2022-07-17T14:53:20.095Z] <<< [apiv2][body] POST https://cloudresourcemanager.googleapis.com/v1/projects/beautysalonapp-31438:testIamPermissions {"permissions":["firebase.projects.get"]}
[info] 
[info] Firestore Security Rules allow you to define how and when to allow
[info] requests. You can keep these rules in your project directory
[info] and publish them with firebase deploy.
[info] 
[debug] [2022-07-17T14:53:24.031Z] >>> [apiv2][query] GET https://firebaserules.googleapis.com/v1/projects/beautysalonapp-31438/releases pageSize=10&pageToken=
[debug] [2022-07-17T14:53:24.341Z] <<< [apiv2][status] GET https://firebaserules.googleapis.com/v1/projects/beautysalonapp-31438/releases 200
[debug] [2022-07-17T14:53:24.341Z] <<< [apiv2][body] GET https://firebaserules.googleapis.com/v1/projects/beautysalonapp-31438/releases {"releases":[{"name":"projects/beautysalonapp-31438/releases/cloud.firestore","rulesetName":"projects/beautysalonapp-31438/rulesets/8040d8a7-0c41-4808-9f30-e4fb34c7a723","createTime":"2022-07-17T14:52:26.791812Z","updateTime":"2022-07-17T14:52:26.791812Z"}]}
[debug] [2022-07-17T14:53:24.341Z] Found ruleset: projects/beautysalonapp-31438/rulesets/8040d8a7-0c41-4808-9f30-e4fb34c7a723
[debug] [2022-07-17T14:53:24.342Z] >>> [apiv2][query] GET https://firebaserules.googleapis.com/v1/projects/beautysalonapp-31438/rulesets/8040d8a7-0c41-4808-9f30-e4fb34c7a723 [none]
[debug] [2022-07-17T14:53:25.113Z] <<< [apiv2][status] GET https://firebaserules.googleapis.com/v1/projects/beautysalonapp-31438/rulesets/8040d8a7-0c41-4808-9f30-e4fb34c7a723 200
[debug] [2022-07-17T14:53:25.114Z] <<< [apiv2][body] GET https://firebaserules.googleapis.com/v1/projects/beautysalonapp-31438/rulesets/8040d8a7-0c41-4808-9f30-e4fb34c7a723 [omitted]
[info] 
[info] Firestore indexes allow you to perform complex queries while
[info] maintaining performance that scales with the size of the result
[info] set. You can keep index definitions in your project directory
[info] and publish them with firebase deploy.
[info] 
[debug] [2022-07-17T14:53:28.257Z] >>> [apiv2][query] GET https://firestore.googleapis.com/v1/projects/beautysalonapp-31438/databases/(default)/collectionGroups/-/indexes [none]
[debug] [2022-07-17T14:53:28.259Z] >>> [apiv2][query] GET https://firestore.googleapis.com/v1/projects/beautysalonapp-31438/databases/(default)/collectionGroups/-/fields?filter=indexConfig.usesAncestorConfig=false [none]
[debug] [2022-07-17T14:53:28.689Z] <<< [apiv2][status] GET https://firestore.googleapis.com/v1/projects/beautysalonapp-31438/databases/(default)/collectionGroups/-/indexes 200
[debug] [2022-07-17T14:53:28.690Z] <<< [apiv2][body] GET https://firestore.googleapis.com/v1/projects/beautysalonapp-31438/databases/(default)/collectionGroups/-/indexes {}
[debug] [2022-07-17T14:53:29.247Z] <<< [apiv2][status] GET https://firestore.googleapis.com/v1/projects/beautysalonapp-31438/databases/(default)/collectionGroups/-/fields?filter=indexConfig.usesAncestorConfig=false 200
[debug] [2022-07-17T14:53:29.248Z] <<< [apiv2][body] GET https://firestore.googleapis.com/v1/projects/beautysalonapp-31438/databases/(default)/collectionGroups/-/fields?filter=indexConfig.usesAncestorConfig=false {"fields":[{"name":"projects/beautysalonapp-31438/databases/(default)/collectionGroups/__default__/fields/*","indexConfig":{"indexes":[{"queryScope":"COLLECTION","fields":[{"fieldPath":"*","order":"ASCENDING"}],"state":"READY"},{"queryScope":"COLLECTION","fields":[{"fieldPath":"*","order":"DESCENDING"}],"state":"READY"},{"queryScope":"COLLECTION","fields":[{"fieldPath":"*","arrayConfig":"CONTAINS"}],"state":"READY"}]}}]}
[info] 
=== Functions Setup
[info] 
[info] A functions directory will be created in your project with sample code
[info] pre-configured. Functions can be deployed with firebase deploy.
[info] 
[debug] [2022-07-17T14:53:29.250Z] > command requires scopes: ["email","openid","https://www.googleapis.com/auth/cloudplatformprojects.readonly","https://www.googleapis.com/auth/firebase","https://www.googleapis.com/auth/cloud-platform"]
[debug] [2022-07-17T14:53:29.251Z] > authorizing via signed-in user (daniela.st.draganova@gmail.com)
[debug] [2022-07-17T14:53:29.251Z] [iam] checking project beautysalonapp-31438 for permissions ["firebase.projects.get"]
[debug] [2022-07-17T14:53:29.251Z] >>> [apiv2][query] POST https://cloudresourcemanager.googleapis.com/v1/projects/beautysalonapp-31438:testIamPermissions [none]
[debug] [2022-07-17T14:53:29.251Z] >>> [apiv2][body] POST https://cloudresourcemanager.googleapis.com/v1/projects/beautysalonapp-31438:testIamPermissions {"permissions":["firebase.projects.get"]}
[debug] [2022-07-17T14:53:30.067Z] <<< [apiv2][status] POST https://cloudresourcemanager.googleapis.com/v1/projects/beautysalonapp-31438:testIamPermissions 200
[debug] [2022-07-17T14:53:30.067Z] <<< [apiv2][body] POST https://cloudresourcemanager.googleapis.com/v1/projects/beautysalonapp-31438:testIamPermissions {"permissions":["firebase.projects.get"]}
[debug] [2022-07-17T14:53:30.068Z] >>> [apiv2][query] GET https://serviceusage.googleapis.com/v1/projects/beautysalonapp-31438/services/cloudfunctions.googleapis.com [none]
[debug] [2022-07-17T14:53:30.071Z] >>> [apiv2][query] GET https://serviceusage.googleapis.com/v1/projects/beautysalonapp-31438/services/runtimeconfig.googleapis.com [none]
[debug] [2022-07-17T14:53:31.097Z] <<< [apiv2][status] GET https://serviceusage.googleapis.com/v1/projects/beautysalonapp-31438/services/cloudfunctions.googleapis.com 200
[debug] [2022-07-17T14:53:31.097Z] <<< [apiv2][body] GET https://serviceusage.googleapis.com/v1/projects/beautysalonapp-31438/services/cloudfunctions.googleapis.com [omitted]
[debug] [2022-07-17T14:53:31.098Z] >>> [apiv2][query] POST https://serviceusage.googleapis.com/v1/projects/beautysalonapp-31438/services/cloudfunctions.googleapis.com:enable [none]
[debug] [2022-07-17T14:53:31.237Z] <<< [apiv2][status] GET https://serviceusage.googleapis.com/v1/projects/beautysalonapp-31438/services/runtimeconfig.googleapis.com 200
[debug] [2022-07-17T14:53:31.237Z] <<< [apiv2][body] GET https://serviceusage.googleapis.com/v1/projects/beautysalonapp-31438/services/runtimeconfig.googleapis.com [omitted]
[debug] [2022-07-17T14:53:32.687Z] <<< [apiv2][status] POST https://serviceusage.googleapis.com/v1/projects/beautysalonapp-31438/services/cloudfunctions.googleapis.com:enable 200
[debug] [2022-07-17T14:53:32.687Z] <<< [apiv2][body] POST https://serviceusage.googleapis.com/v1/projects/beautysalonapp-31438/services/cloudfunctions.googleapis.com:enable [omitted]
[debug] [2022-07-17T14:53:42.692Z] >>> [apiv2][query] GET https://serviceusage.googleapis.com/v1/projects/beautysalonapp-31438/services/cloudfunctions.googleapis.com [none]
[debug] [2022-07-17T14:53:43.752Z] <<< [apiv2][status] GET https://serviceusage.googleapis.com/v1/projects/beautysalonapp-31438/services/cloudfunctions.googleapis.com 200
[debug] [2022-07-17T14:53:43.752Z] <<< [apiv2][body] GET https://serviceusage.googleapis.com/v1/projects/beautysalonapp-31438/services/cloudfunctions.googleapis.com [omitted]
[info] ✔  Wrote functions/package.json 
[info] ✔  Wrote functions/index.js 
[info] ✔  Wrote functions/.gitignore 
[info] 
=== Hosting Setup
[info] 
[info] Your public directory is the folder (relative to your project directory) that
[info] will contain Hosting assets to be uploaded with firebase deploy. If you
[info] have a build process for your assets, use your build's output directory.
[info] 
[debug] [2022-07-17T14:54:43.275Z] >>> [apiv2][query] GET https://www.gstatic.com/firebasejs/releases.json [none]
[debug] [2022-07-17T14:54:43.359Z] <<< [apiv2][status] GET https://www.gstatic.com/firebasejs/releases.json 200
[debug] [2022-07-17T14:54:43.360Z] <<< [apiv2][body] GET https://www.gstatic.com/firebasejs/releases.json {"current":{"version":"9.9.0","browserURL":"https://www.gstatic.com/firebasejs/9.9.0/firebase.js","packageURL":"https://www.gstatic.com/firebasejs/9.9.0/firebase.tgz"},"live":{"version":"9.9","browserURL":"https://www.gstatic.com/firebasejs/live/9.9/firebase.js","packageURL":"https://www.gstatic.com/firebasejs/live/9.9/firebase.tgz"},"components":{"analytics":"https://www.gstatic.com/firebasejs/9.9.0/firebase-analytics.js","app":"https://www.gstatic.com/firebasejs/9.9.0/firebase-app.js","app-check":"https://www.gstatic.com/firebasejs/9.9.0/firebase-app-check.js","auth":"https://www.gstatic.com/firebasejs/9.9.0/firebase-auth.js","auth/cordova":"https://www.gstatic.com/firebasejs/9.9.0/firebase-auth/cordova.js","auth/react-native":"https://www.gstatic.com/firebasejs/9.9.0/firebase-auth/react-native.js","functions":"https://www.gstatic.com/firebasejs/9.9.0/firebase-functions.js","firestore":"https://www.gstatic.com/firebasejs/9.9.0/firebase-firestore.js","firestore/lite":"https://www.gstatic.com/firebasejs/9.9.0/firebase-firestore/lite.js","installations":"https://www.gstatic.com/firebasejs/9.9.0/firebase-installations.js","storage":"https://www.gstatic.com/firebasejs/9.9.0/firebase-storage.js","performance":"https://www.gstatic.com/firebasejs/9.9.0/firebase-performance.js","remote-config":"https://www.gstatic.com/firebasejs/9.9.0/firebase-remote-config.js","messaging":"https://www.gstatic.com/firebasejs/9.9.0/firebase-messaging.js","messaging/sw":"https://www.gstatic.com/firebasejs/9.9.0/firebase-messaging/sw.js","database":"https://www.gstatic.com/firebasejs/9.9.0/firebase-database.js","firestore.memory":"https://www.gstatic.com/firebasejs/9.9.0/firebase-firestore.memory.js"}}
[info] i  Skipping write of public/index.html 
[info] 
[info] i  Detected a .git folder at /Users/danieladraganova/Desktop/beauty-salon-app/client 
[info] i  Authorizing with GitHub to upload your service account to a GitHub repository's secrets store. 
[info] 
[info] Visit this URL on this device to log in:
[info] https://github.com/login/oauth/authorize?client_id=89cf50f02ac6aaed3484&state=727517415&redirect_uri=http%3A%2F%2Flocalhost%3A9005&scope=read%3Auser%20repo%20public_repo
[info] 
[info] Waiting for authentication...
[debug] [2022-07-17T14:55:44.787Z] >>> [apiv2][query] POST https://github.com/login/oauth/access_token [none]
[debug] [2022-07-17T14:55:44.788Z] >>> [apiv2][body] POST https://github.com/login/oauth/access_token [stream]
[debug] [2022-07-17T14:55:45.099Z] <<< [apiv2][status] POST https://github.com/login/oauth/access_token 200
[debug] [2022-07-17T14:55:45.100Z] <<< [apiv2][body] POST https://github.com/login/oauth/access_token {"access_token":"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","token_type":"bearer","scope":"read:user,repo"}
[debug] [2022-07-17T14:55:45.116Z] >>> [apiv2][query] GET https://api.github.com/user [none]
[debug] [2022-07-17T14:55:45.442Z] <<< [apiv2][status] GET https://api.github.com/user 200
[debug] [2022-07-17T14:55:45.442Z] <<< [apiv2][body] GET https://api.github.com/user {"login":"DanielaDraganova","id":82538925,"node_id":"MDQ6VXNlcjgyNTM4OTI1","avatar_url":"https://avatars.githubusercontent.com/u/82538925?v=4","gravatar_id":"","url":"https://api.github.com/users/DanielaDraganova","html_url":"https://github.com/DanielaDraganova","followers_url":"https://api.github.com/users/DanielaDraganova/followers","following_url":"https://api.github.com/users/DanielaDraganova/following{/other_user}","gists_url":"https://api.github.com/users/DanielaDraganova/gists{/gist_id}","starred_url":"https://api.github.com/users/DanielaDraganova/starred{/owner}{/repo}","subscriptions_url":"https://api.github.com/users/DanielaDraganova/subscriptions","organizations_url":"https://api.github.com/users/DanielaDraganova/orgs","repos_url":"https://api.github.com/users/DanielaDraganova/repos","events_url":"https://api.github.com/users/DanielaDraganova/events{/privacy}","received_events_url":"https://api.github.com/users/DanielaDraganova/received_events","type":"User","site_admin":false,"name":null,"company":null,"blog":"","location":null,"email":null,"hireable":null,"bio":null,"twitter_username":null,"public_repos":5,"public_gists":0,"followers":0,"following":0,"created_at":"2021-04-14T18:52:30Z","updated_at":"2022-05-31T07:16:10Z","private_gists":0,"total_private_repos":0,"owned_private_repos":0,"disk_usage":9625,"collaborators":0,"two_factor_authentication":false,"plan":{"name":"free","space":976562499,"collaborators":0,"private_repos":10000}}
[info] 
[info] ✔  Success! Logged into GitHub as DanielaDraganova 
[info] 
